WARN - My fourth message.
ERROR - My fifth message.
FATAL - My sixth message.
WARN - I'm not feeling so good...
TRACE - My first message.
DEBUG - My second message.
INFO - My third message.
WARN - My fourth message.
ERROR - My fifth message.
FATAL - My sixth message.
INFO - This is an informational message.
WARN - I'm not feeling so good...
TRACE - I'm not feeling so good...
TRACE - My first message.
DEBUG - My second message.
INFO - My third message.
WARN - My fourth message.
ERROR - My fifth message.
FATAL - My sixth message.
INFO - This is an informational message.
WARN - I'm not feeling so good...
TRACE - I'm not feeling so good...
INFO - We have liftoff.
INFO - We have liftoff.
2014-01-15T14:36:29+01:00 [Foo] We have liftoff.
2014-01-15T14:45:57+01:00 [Foo] We have liftoff.
2014-01-15T14:46:54+01:00 [Foo] We have liftoff.
2014-01-15T14:47:37+01:00 [Foo] We have liftoff.
2014-01-15T14:47:37+01:00 [Foo] Ici et là bas
2014-01-15T14:48:19+01:00 [Foo][Foo] We have liftoff.
2014-01-15T14:48:19+01:00 [Foo][Foo] Ici et là bas
2014-01-15T14:48:39+01:00 [Foo][Foo][go] We have liftoff.
2014-01-15T14:48:39+01:00 [Foo][Foo][go] Ici et là bas
2014-01-15T14:48:59+01:00 [Foo][Foo][go][] We have liftoff.
2014-01-15T14:48:59+01:00 [Foo][Foo][go][] Ici et là bas
2014-01-15T14:49:27+01:00 [Foo][Foo][go][] We have liftoff.
2014-01-15T14:49:27+01:00 [Foo][Foo][go][] Ici et là bas
2014-01-15T15:22:37+01:00 [23][Foo][Foo][go][] We have liftoff.
2014-01-15T15:22:37+01:00 [24][Foo][Foo][go][] Ici et là bas
2014-01-15T15:22:50+01:00 [23][Foo][Foo][go] We have liftoff.
2014-01-15T15:22:50+01:00 [24][Foo][Foo][go] Ici et là bas
2014-01-15T15:23:38+01:00 [line 23][logger Foo][class Foo][method go][] We have liftoff.
2014-01-15T15:23:38+01:00 [line 24][logger Foo][class Foo][method go][] Ici et là bas
2014-01-15T16:03:48+01:00 [line 23][logger Foo][class Foo][method go] We have liftoff.
2014-01-15T16:03:48+01:00 [line 24][logger Foo][class Foo][method go] Ici et là bas
2014-01-15T16:05:09+01:00 [line 23][logger Foo][class Foo][method go] We have liftoff.
2014-01-15T16:05:09+01:00 [line 24][logger Foo][class Foo][method go] Ici et là bas
2014-01-15T16:11:33+01:00 [line 23][logger Foo][class Foo][method go] We have liftoff.
2014-01-15T16:11:33+01:00 [line 24][logger Foo][class Foo][method go] Ici et là bas
